<?xml version="1.0" encoding="UTF-8"?>
<!-- Generated by org.testng.reporters.JUnitXMLReporter -->
<testsuite ignored="2" hostname="PriteshPatvi" failures="0" tests="5" name="Car Loan" time="0.065" errors="0" timestamp="2024-11-30T17:07:53 IST">
  <testcase classname="test.day3" name="MobileLogincarLoan" time="0.007"/>
  <testcase classname="test.day3" name="MobilesignoutcarLoan" time="0.003"/>
  <testcase classname="test.day3" name="MobilesignoutcarLoan" time="0.002"/>
  <testcase classname="test.day3" name="MobilesignoutcarLoan" time="0.004"/>
  <testcase classname="test.day3" name="WebloginCarLoan" time="0.002"/>
  <testcase classname="test.day3" name="APIcarLoan" time="0.0">
    <ignored/>
  </testcase> <!-- APIcarLoan -->
  <testcase classname="test.day3" name="MobilesignimcarLoan" time="0.0">
    <ignored/>
  </testcase> <!-- MobilesignimcarLoan -->
</testsuite> <!-- Car Loan -->
