<?xml version="1.0" encoding="UTF-8"?>
<!-- Generated by org.testng.reporters.JUnitXMLReporter -->
<testsuite ignored="2" hostname="PriteshPatvi" failures="0" tests="5" name="PLoan" time="0.041" errors="0" timestamp="2024-10-26T23:10:33 IST">
  <testcase classname="test.day2" name="Demo3" time="0.009"/>
  <testcase classname="test.day1" name="Demo" time="0.001"/>
  <testcase classname="test.day1" name="Bhaiyaji" time="0.002"/>
  <testcase classname="test.day1" name="Aemo2" time="0.001"/>
  <testcase classname="test.day3" name="Weblogincarloan" time="0.001"/>
  <testcase classname="test.day3" name="Mobilelogincarloan" time="0.0">
    <ignored/>
  </testcase> <!-- Mobilelogincarloan -->
  <testcase classname="test.day3" name="RestApicarloan" time="0.0">
    <ignored/>
  </testcase> <!-- RestApicarloan -->
</testsuite> <!-- PLoan -->
